1478007565334	geckodriver	INFO	Listening on 127.0.0.1:52450
1478007567328	mozprofile::profile	INFO	Using profile path C:\Users\ADMINI~1\AppData\Local\Temp\rust_mozprofile.CW1lhhxEnMzv
1478007567334	geckodriver::marionette	INFO	Starting browser C:\Program Files (x86)\Mozilla Firefox\firefox.exe
1478007567345	geckodriver::marionette	INFO	Connecting to Marionette on localhost:52474
8
1477978809554	Marionette	INFO	Listening on port 52898
1477978814303	Marionette	INFO	startBrowser d2e1ebcc-397a-484a-832b-28ed5e4972a6
JavaScript error: http://oa.bjtelecom.net/, line 1: TypeError: window.event is undefined
JavaScript error: http://oa.bjtelecom.net/, line 28: TypeError: window.event is undefined
JavaScript error: http://oa.bjtelecom.net/, line 1: TypeError: window.event is undefined
JavaScript error: http://oa.bjtelecom.net/, line 28: TypeError: window.event is undefined
JavaScript error: http://oa.bjtelecom.net/, line 1: TypeError: window.event is undefined
JavaScript error: http://oa.bjtelecom.net/, line 28: TypeError: window.event is undefined
JavaScript error: http://oa.bjtelecom.net/, line 1: TypeError: window.event is undefined
JavaScript error: http://oa.bjtelecom.net/, line 28: TypeError: window.event is undefined
JavaScript error: http://oa.bjtelecom.net/, line 1: TypeError: window.event is undefined
JavaScript error: http://oa.bjtelecom.net/, line 28: TypeError: window.event is undefined
JavaScript error: http://oa.bjtelecom.net/, line 1: TypeError: window.event is undefined
JavaScript error: http://oa.bjtelecom.net/, line 28: TypeError: window.event is undefined
JavaScript error: http://oa.bjtelecom.net/, line 1: TypeError: window.event is undefined
JavaScript error: http://oa.bjtelecom.net/, line 28: TypeError: window.event is undefined
JavaScript error: http://oa.bjtelecom.net/, line 1: TypeError: window.event is undefined
JavaScript error: http://oa.bjtelecom.net/, line 28: TypeError: window.event is undefined
JavaScript error: http://oa.bjtelecom.net/, line 1: TypeError: window.event is undefined
JavaScript error: http://oa.bjtelecom.net/, line 28: TypeError: window.event is undefined
JavaScript error: http://oa.bjtelecom.net/, line 1: TypeError: window.event is undefined
JavaScript error: http://oa.bjtelecom.net/, line 28: TypeError: window.event is undefined
JavaScript error: http://oa.bjtelecom.net/, line 1: TypeError: window.event is undefined
JavaScript error: http://oa.bjtelecom.net/, line 28: TypeError: window.event is undefined
JavaScript error: http://oa.bjtelecom.net/, line 1: TypeError: window.event is undefined
JavaScript error: http://oa.bjtelecom.net/, line 28: TypeError: window.event is undefined
JavaScript error: chrome://global/content/bindings/resizer.xml, line 19: Error: Permission denied to access property "documentElement"
1477625520916	addons.productaddons	WARN	Failed downloading via XHR, status: 0, reason: error
00/build/src/ipc/chromium/src/chrome/common/ipc_channel_win.cc, line 346
[Child 10980] WARNING: pipe error: 109: file c:/builds/moz2_slave/m-rel-w32-00000000000000000000/build/src/ipc/chromium/src/chrome/common/ipc_channel_win.cc, line 346
 unreachable code after return statement
JavaScript error: http://oa.bjtelecom.net/bjteloa/bjstaffopinion.nsf/JS_WFC_Operate?OpenJavaScriptLibrary, line 818: ReferenceError: ActiveXObject is not defined
[Child 31960] ###!!! ABORT: Aborting on channel error.: file c:/builds/moz2_slave/m-rel-w32-00000000000000000000/build/src/ipc/glue/MessageChannel.cpp, line 2052
net/bjteloa/bjgsswgl.nsf/JS_WFC_Common?OpenJavaScriptLibrary, line 239: TypeError: document.DocToolsBar is undefined
JavaScript error: http://oa.bjtelecom.net/bjteloa/bjgsswgl.nsf/JS_WFC_Common?OpenJavaScriptLibrary, line 239: TypeError: document.DocToolsBar is undefined
JavaScript error: http://oa.bjtelecom.net/bjteloa/bjgsswgl.nsf/JS_WFC_Common?OpenJavaScriptLibrary, line 239: TypeError: document.DocToolsBar is undefined
JavaScript error: http://oa.bjtelecom.net/bjteloa/bjgsswgl.nsf/JS_WFC_Common?OpenJavaScriptLibrary, line 239: TypeError: document.DocToolsBar is undefined
JavaScript error: http://oa.bjtelecom.net/bjteloa/bjgsswgl.nsf/JS_WFC_Common?OpenJavaScriptLibrary, line 239: TypeError: document.DocToolsBar is undefined
JavaScript error: http://oa.bjtelecom.net/bjteloa/bjgsswgl.nsf/JS_WFC_Common?OpenJavaScriptLibrary, line 239: TypeError: document.DocToolsBar is undefined
JavaScript error: http://oa.bjtelecom.net/bjteloa/bjgsswgl.nsf/JS_WFC_Common?OpenJavaScriptLibrary, line 239: TypeError: document.DocToolsBar is undefined
JavaScript error: http://oa.bjtelecom.net/bjteloa/bjgsswgl.nsf/JS_WFC_Common?OpenJavaScriptLibrary, line 239: TypeError: document.DocToolsBar is undefined
JavaScript error: http://oa.bjtelecom.net/bjteloa/bjgsswgl.nsf/JS_WFC_Common?OpenJavaScriptLibrary, line 239: TypeError: document.DocToolsBar is undefined
JavaScript error: http://oa.bjtelecom.net/bjteloa/bjgsswgl.nsf/JS_WFC_Common?OpenJavaScriptLibrary, line 239: TypeError: document.DocToolsBar is undefined
JavaScript error: http://oa.bjtelecom.net/bjteloa/bjgsswgl.nsf/JS_WFC_Common?OpenJavaScriptLibrary, line 239: TypeError: document.DocToolsBar is undefined
JavaScript error: http://oa.bjtelecom.net/bjteloa/bjgsswgl.nsf/JS_WFC_Common?OpenJavaScriptLibrary, line 239: TypeError: document.DocToolsBar is undefined
JavaScript error: http://oa.bjtelecom.net/bjteloa/bjgsswgl.nsf/JS_WFC_Common?OpenJavaScriptLibrary, line 239: TypeError: document.DocToolsBar is undefined
JavaScript error: http://oa.bjtelecom.net/bjteloa/bjgsswgl.nsf/JS_WFC_Common?OpenJavaScriptLibrary, line 239: TypeError: document.DocToolsBar is undefined
JavaScript error: http://oa.bjtelecom.net/bjteloa/bjgsswgl.nsf/JS_WFC_Common?OpenJavaScriptLibrary, line 239: TypeError: document.DocToolsBar is undefined
JavaScript error: http://oa.bjtelecom.net/bjteloa/bjgsswgl.nsf/JS_WFC_Common?OpenJavaScriptLibrary, line 239: TypeError: document.DocToolsBar is undefined
JavaScript error: http://oa.bjtelecom.net/bjteloa/bjgsswgl.nsf/JS_WFC_Common?OpenJavaScriptLibrary, line 239: TypeError: document.DocToolsBar is undefined
JavaScript error: http://oa.bjtelecom.net/bjteloa/bjgsswgl.nsf/JS_WFC_Common?OpenJavaScriptLibrary, line 239: TypeError: document.DocToolsBar is undefined
JavaScript error: http://oa.bjtelecom.net/bjteloa/bjgsswgl.nsf/JS_WFC_Common?OpenJavaScriptLibrary, line 239: TypeError: document.DocToolsBar is undefined
JavaScript error: http://oa.bjtelecom.net/bjteloa/bjgsswgl.nsf/JS_WFC_Common?OpenJavaScriptLibrary, line 239: TypeError: document.DocToolsBar is undefined
JavaScript error: http://oa.bjtelecom.net/bjteloa/bjgsswgl.nsf/JS_WFC_Common?OpenJavaScriptLibrary, line 239: TypeError: document.DocToolsBar is undefined
JavaScript error: http://oa.bjtelecom.net/bjteloa/bjgsswgl.nsf/JS_WFC_Common?OpenJavaScriptLibrary, line 239: TypeError: document.DocToolsBar is undefined
JavaScript error: http://oa.bjtelecom.net/bjteloa/bjgsswgl.nsf/JS_WFC_Common?OpenJavaScriptLibrary, line 239: TypeError: document.DocToolsBar is undefined
JavaScript error: http://oa.bjtelecom.net/bjteloa/bjgsswgl.nsf/JS_WFC_Common?OpenJavaScriptLibrary, line 239: TypeError: document.DocToolsBar is undefined
JavaScript error: http://oa.bjtelecom.net/bjteloa/bjgsswgl.nsf/JS_WFC_Common?OpenJavaScriptLibrary, line 239: TypeError: document.DocToolsBar is undefined
JavaScript error: http://oa.bjtelecom.net/bjteloa/bjgsswgl.nsf/JS_WFC_Common?OpenJavaScriptLibrary, line 239: TypeError: document.DocToolsBar is undefined
JavaScript error: http://oa.bjtelecom.net/bjteloa/bjgsswgl.nsf/JS_WFC_Common?OpenJavaScriptLibrary, line 239: TypeError: document.DocToolsBar is undefined
JavaScript error: http://oa.bjtelecom.net/bjteloa/bjgsswgl.nsf/JS_WFC_Common?OpenJavaScriptLibrary, line 239: TypeError: document.DocToolsBar is undefined
JavaScript error: http://oa.bjtelecom.net/bjteloa/bjgsswgl.nsf/JS_WFC_Common?OpenJavaScriptLibrary, line 239: TypeError: document.DocToolsBar is undefined
JavaScript error: http://oa.bjtelecom.net/bjteloa/bjgsswgl.nsf/JS_WFC_Common?OpenJavaScriptLibrary, line 239: TypeError: document.DocToolsBar is undefined
JavaScript error: http://oa.bjtelecom.net/bjteloa/bjgsswgl.nsf/JS_WFC_Common?OpenJavaScriptLibrary, line 239: TypeError: document.DocToolsBar is undefined
JavaScript error: http://oa.bjtelecom.net/bjteloa/bjgsswgl.nsf/0/CE08D5BCD7DE1E7948257EAE000725EB?EditDocument&Login, line 896: TypeError: upfile.InitFileList is not a function
1477293175761	addons.productaddons	WARN	Failed downloading via XHR, status: 0, reason: error
[Child 28520] WARNING: pipe error: 109: file c:/builds/moz2_slave/m-rel-w32-00000000000000000000/build/src/ipc/chromium/src/chrome/common/ipc_channel_win.cc, line 346
[Child 28520] WARNING: pipe error: 109: file c:/builds/moz2_slave/m-rel-w32-00000000000000000000/build/src/ipc/chromium/src/chrome/common/ipc_channel_win.cc, line 346
